F:\UNI DOCUMENTS\UNI\C - SOFTWARE PROGRAMMING\ASSIGNMENT 2\ALLEGROGAME.V-1.0\DEBUG\TEMPLATEC.EXE
F:\UNI DOCUMENTS\UNI\C - SOFTWARE PROGRAMMING\ASSIGNMENT 2\ALLEGROGAME.V-1.0\DEBUG\TEMPLATEC.ILK
F:\UNI DOCUMENTS\UNI\C - SOFTWARE PROGRAMMING\ASSIGNMENT 2\ALLEGROGAME.V-1.0\DEBUG\TEMPLATEC.PDB
F:\UNI DOCUMENTS\UNI\C - SOFTWARE PROGRAMMING\ASSIGNMENT 2\ALLEGROGAME.V-1.0\TEMPLATEC\DEBUG\AI.OBJ
F:\UNI DOCUMENTS\UNI\C - SOFTWARE PROGRAMMING\ASSIGNMENT 2\ALLEGROGAME.V-1.0\TEMPLATEC\DEBUG\BASE.OBJ
F:\UNI DOCUMENTS\UNI\C - SOFTWARE PROGRAMMING\ASSIGNMENT 2\ALLEGROGAME.V-1.0\TEMPLATEC\DEBUG\BULLET.OBJ
F:\Uni Documents\Uni\C - Software Programming\Assignment 2\AllegroGame.V-1.0\TemplateC\Debug\cl.command.1.tlog
F:\Uni Documents\Uni\C - Software Programming\Assignment 2\AllegroGame.V-1.0\TemplateC\Debug\CL.read.1.tlog
F:\Uni Documents\Uni\C - Software Programming\Assignment 2\AllegroGame.V-1.0\TemplateC\Debug\CL.write.1.tlog
F:\Uni Documents\Uni\C - Software Programming\Assignment 2\AllegroGame.V-1.0\TemplateC\Debug\link.command.1.tlog
F:\Uni Documents\Uni\C - Software Programming\Assignment 2\AllegroGame.V-1.0\TemplateC\Debug\link.read.1.tlog
F:\Uni Documents\Uni\C - Software Programming\Assignment 2\AllegroGame.V-1.0\TemplateC\Debug\link.write.1.tlog
F:\UNI DOCUMENTS\UNI\C - SOFTWARE PROGRAMMING\ASSIGNMENT 2\ALLEGROGAME.V-1.0\TEMPLATEC\DEBUG\MAINMENU.OBJ
F:\Uni Documents\Uni\C - Software Programming\Assignment 2\AllegroGame.V-1.0\TemplateC\Debug\mt.command.1.tlog
F:\Uni Documents\Uni\C - Software Programming\Assignment 2\AllegroGame.V-1.0\TemplateC\Debug\mt.read.1.tlog
F:\Uni Documents\Uni\C - Software Programming\Assignment 2\AllegroGame.V-1.0\TemplateC\Debug\mt.write.1.tlog
F:\UNI DOCUMENTS\UNI\C - SOFTWARE PROGRAMMING\ASSIGNMENT 2\ALLEGROGAME.V-1.0\TEMPLATEC\DEBUG\PLAY.OBJ
F:\UNI DOCUMENTS\UNI\C - SOFTWARE PROGRAMMING\ASSIGNMENT 2\ALLEGROGAME.V-1.0\TEMPLATEC\DEBUG\SOLDIERCLASS.OBJ
F:\UNI DOCUMENTS\UNI\C - SOFTWARE PROGRAMMING\ASSIGNMENT 2\ALLEGROGAME.V-1.0\TEMPLATEC\DEBUG\TEMPLATEC.EXE.INTERMEDIATE.MANIFEST
F:\UNI DOCUMENTS\UNI\C - SOFTWARE PROGRAMMING\ASSIGNMENT 2\ALLEGROGAME.V-1.0\TEMPLATEC\DEBUG\TEMPLATEC-RE-EDIT-26.OBJ
F:\Uni Documents\Uni\C - Software Programming\Assignment 2\AllegroGame.V-1.0\TemplateC\Debug\vc100.idb
F:\UNI DOCUMENTS\UNI\C - SOFTWARE PROGRAMMING\ASSIGNMENT 2\ALLEGROGAME.V-1.0\TEMPLATEC\DEBUG\VC100.PDB
