Build started 23/10/2014 13:50:03.
     1>Project "F:\Year 1\Uni Documents\Uni\C - Software Programming\Assignment 2\AllegroGame.V-1.0\TemplateC\TemplateC.vcxproj" on node 2 (build target(s)).
     1>InitializeBuildStatus:
         Creating "Debug\TemplateC.unsuccessfulbuild" because "AlwaysCreate" was specified.
       ClCompile:
         C:\Program Files (x86)\Microsoft Visual Studio 10.0\VC\bin\CL.exe /c /I./ /ZI /nologo /W3 /WX- /Od /Oy- /D _MBCS /Gm /EHsc /RTC1 /MDd /GS /fp:precise /Zc:wchar_t /Zc:forScope /Fo"Debug\\" /Fd"Debug\vc100.pdb" /Gd /TP /analyze- /errorReport:prompt AI.cpp Base.cpp Mainmenu.cpp Play.cpp SoldierClass.cpp Main.cpp Bullet.cpp
         Bullet.cpp
         Main.cpp
     1>f:\year 1\uni documents\uni\c - software programming\assignment 2\allegrogame.v-1.0\templatec\main.cpp(309): warning C4018: '<' : signed/unsigned mismatch
     1>f:\year 1\uni documents\uni\c - software programming\assignment 2\allegrogame.v-1.0\templatec\main.cpp(354): warning C4018: '<' : signed/unsigned mismatch
     1>f:\year 1\uni documents\uni\c - software programming\assignment 2\allegrogame.v-1.0\templatec\main.cpp(498): warning C4018: '<' : signed/unsigned mismatch
         SoldierClass.cpp
         Play.cpp
         Mainmenu.cpp
         Base.cpp
         AI.cpp
         Generating Code...
     1>f:\year 1\uni documents\uni\c - software programming\assignment 2\allegrogame.v-1.0\templatec\ai.cpp(52): warning C4715: 'AI::update' : not all control paths return a value
     1>f:\year 1\uni documents\uni\c - software programming\assignment 2\allegrogame.v-1.0\templatec\soldierclass.cpp(130): warning C4715: 'Soldier2::keyboardInput' : not all control paths return a value
       Link:
         C:\Program Files (x86)\Microsoft Visual Studio 10.0\VC\bin\link.exe /ERRORREPORT:PROMPT /OUT:"F:\Year 1\Uni Documents\Uni\C - Software Programming\Assignment 2\AllegroGame.V-1.0\Debug\TemplateC.exe" /NOLOGO alld.lib kernel32.lib user32.lib gdi32.lib winspool.lib comdlg32.lib advapi32.lib shell32.lib ole32.lib oleaut32.lib uuid.lib odbc32.lib odbccp32.lib /MANIFEST /ManifestFile:"Debug\TemplateC.exe.intermediate.manifest" /MANIFESTUAC:"level='asInvoker' uiAccess='false'" /DEBUG /PDB:"F:\Year 1\Uni Documents\Uni\C - Software Programming\Assignment 2\AllegroGame.V-1.0\Debug\TemplateC.pdb" /TLBID:1 /DYNAMICBASE /NXCOMPAT /IMPLIB:"F:\Year 1\Uni Documents\Uni\C - Software Programming\Assignment 2\AllegroGame.V-1.0\Debug\TemplateC.lib" /MACHINE:X86 Debug\AI.obj
         Debug\Base.obj
         Debug\Mainmenu.obj
         Debug\Play.obj
         Debug\SoldierClass.obj
         Debug\Main.obj
         Debug\Bullet.obj
         LINK : F:\Year 1\Uni Documents\Uni\C - Software Programming\Assignment 2\AllegroGame.V-1.0\Debug\TemplateC.exe not found or not built by the last incremental link; performing full link
         TemplateC.vcxproj -> F:\Year 1\Uni Documents\Uni\C - Software Programming\Assignment 2\AllegroGame.V-1.0\Debug\TemplateC.exe
       Manifest:
         C:\Program Files (x86)\Microsoft SDKs\Windows\v7.0A\bin\mt.exe /nologo /verbose /outputresource:"F:\Year 1\Uni Documents\Uni\C - Software Programming\Assignment 2\AllegroGame.V-1.0\Debug\TemplateC.exe;#1" /manifest Debug\TemplateC.exe.intermediate.manifest
       FinalizeBuildStatus:
         Deleting file "Debug\TemplateC.unsuccessfulbuild".
         Touching "Debug\TemplateC.lastbuildstate".
     1>Done Building Project "F:\Year 1\Uni Documents\Uni\C - Software Programming\Assignment 2\AllegroGame.V-1.0\TemplateC\TemplateC.vcxproj" (build target(s)).

Build succeeded.

Time Elapsed 00:00:04.68
